[0926/175819:ERROR:process_info.cc(608)] range at 0x669e3cf000000000, size 0x1de fully unreadable
[0926/175819:ERROR:process_info.cc(608)] range at 0x669e3d1000000000, size 0x1de fully unreadable
[0926/175819:ERROR:process_info.cc(608)] range at 0x0, size 0x1de fully unreadable
[0926/175819:WARNING:in_range_cast.h(38)] value 2054716003134 out of range
[0926/175819:WARNING:in_range_cast.h(38)] value 2054716004694 out of range
[0926/175819:WARNING:in_range_cast.h(38)] value 2054716005034 out of range
[0926/175819:WARNING:in_range_cast.h(38)] value 2054716002344 out of range
[0926/175819:WARNING:in_range_cast.h(38)] value 2054716001976 out of range
[0929/193919:ERROR:process_info.cc(608)] range at 0xa7c7405a00000000, size 0x21e fully unreadable
[0929/193919:ERROR:process_info.cc(608)] range at 0xa7c740bc00000000, size 0x21e fully unreadable
[0929/193919:ERROR:process_info.cc(608)] range at 0x0, size 0x21e fully unreadable
[0929/193919:WARNING:in_range_cast.h(38)] value 2330687116448 out of range
[0929/193919:WARNING:in_range_cast.h(38)] value 2330687118068 out of range
[0929/193919:WARNING:in_range_cast.h(38)] value 2330687116374 out of range
[0929/193919:WARNING:in_range_cast.h(38)] value 2330687115486 out of range
[0929/193919:WARNING:in_range_cast.h(38)] value 2330687114938 out of range
[0929/193919:ERROR:process_reader_win.cc(233)] ReadMemory at 0xc6125a7000 of 102400 bytes failed: Only part of a ReadProcessMemory or WriteProcessMemory request was completed. (0x12B)
[0929/193919:ERROR:crash_report_exception_handler.cc(98)] WriteEverything failed
[0929/193919:ERROR:scoped_process_suspend.cc(38)] NtResumeProcess: An attempt was made to access an exiting process.  (0xc000010a)
[1013/194057:ERROR:process_info.cc(330)] VirtualQueryEx: Access is denied. (0x5)
[1013/194057:ERROR:process_info.cc(547)] ReadMemoryInfo failed
[1013/194057:ERROR:process_reader_win.cc(142)] SuspendThread: Access is denied. (0x5)
[1013/194057:ERROR:exception_snapshot_win.cc(87)] thread ID 15180 not found in process
[1013/194057:WARNING:crash_report_exception_handler.cc(56)] ProcessSnapshotWin::Initialize failed
[1013/194057:ERROR:scoped_process_suspend.cc(38)] NtResumeProcess: An attempt was made to access an exiting process.  (0xc000010a)
